2023-04-07 13:00:26,357 p=30457 u=sdevil n=ansible | ERROR! the playbook: playbook could not be found
2023-04-07 13:00:34,690 p=30480 u=sdevil n=ansible | ERROR! The handlers/main.yml file for role 'wordpress' must contain a list of tasks

The error appears to be in '/home/sdevil/ansible/roles/wordpress/handlers/main.yml': line 2, column 1, but may
be elsewhere in the file depending on the exact syntax problem.

The offending line appears to be:

---
domain_name: wp.com
^ here

2023-04-07 13:02:39,509 p=30792 u=sdevil n=ansible | ERROR! The handlers/main.yml file for role 'wordpress' must contain a list of tasks

The error appears to be in '/home/sdevil/ansible/roles/wordpress/handlers/main.yml': line 2, column 1, but may
be elsewhere in the file depending on the exact syntax problem.

The offending line appears to be:

---
domain_name: https://www.wp.com
^ here

2023-04-07 13:03:15,214 p=30910 u=sdevil n=ansible | ERROR! The handlers/main.yml file for role 'wordpress' must contain a list of tasks

The error appears to be in '/home/sdevil/ansible/roles/wordpress/handlers/main.yml': line 3, column 1, but may
be elsewhere in the file depending on the exact syntax problem.

The offending line appears to be:

#domain_name: https://www.wp.com
app_name: wordpress
^ here

2023-04-07 13:03:44,217 p=31045 u=sdevil n=ansible | ERROR! The handlers/main.yml file for role 'wordpress' must contain a list of tasks

The error appears to be in '/home/sdevil/ansible/roles/wordpress/handlers/main.yml': line 6, column 1, but may
be elsewhere in the file depending on the exact syntax problem.

The offending line appears to be:


sites_path: /var/www/html
^ here

2023-04-07 13:04:13,137 p=31083 u=sdevil n=ansible | ERROR! The handlers/main.yml file for role 'wordpress' must contain a list of tasks

The error appears to be in '/home/sdevil/ansible/roles/wordpress/handlers/main.yml': line 8, column 1, but may
be elsewhere in the file depending on the exact syntax problem.

The offending line appears to be:


db_name: wordpress
^ here

2023-04-07 13:04:36,349 p=31104 u=sdevil n=ansible | PLAY [Install datablese] **********************************************************************************************************************************************
2023-04-07 13:04:36,389 p=31104 u=sdevil n=ansible | TASK [Gathering Facts] ************************************************************************************************************************************************
2023-04-07 13:04:39,379 p=31104 u=sdevil n=ansible | fatal: [192.168.122.219]: FAILED! => 
  msg: Missing sudo password
2023-04-07 13:04:39,380 p=31104 u=sdevil n=ansible | PLAY RECAP ************************************************************************************************************************************************************
2023-04-07 13:04:39,380 p=31104 u=sdevil n=ansible | 192.168.122.219            : ok=0    changed=0    unreachable=0    failed=1    skipped=0    rescued=0    ignored=0   
2023-04-07 13:05:28,261 p=31284 u=sdevil n=ansible | PLAY [Install datablese] **********************************************************************************************************************************************
2023-04-07 13:05:28,284 p=31284 u=sdevil n=ansible | TASK [Gathering Facts] ************************************************************************************************************************************************
2023-04-07 13:05:28,735 p=31284 u=sdevil n=ansible | fatal: [192.168.122.219]: FAILED! => 
  msg: Missing sudo password
2023-04-07 13:05:28,736 p=31284 u=sdevil n=ansible | PLAY RECAP ************************************************************************************************************************************************************
2023-04-07 13:05:28,736 p=31284 u=sdevil n=ansible | 192.168.122.219            : ok=0    changed=0    unreachable=0    failed=1    skipped=0    rescued=0    ignored=0   
2023-04-07 13:09:43,795 p=31983 u=sdevil n=ansible | PLAY [Install datablese] **********************************************************************************************************************************************
2023-04-07 13:09:43,816 p=31983 u=sdevil n=ansible | TASK [Gathering Facts] ************************************************************************************************************************************************
2023-04-07 13:09:45,088 p=31983 u=sdevil n=ansible | fatal: [192.168.122.219]: FAILED! => 
  msg: Missing sudo password
2023-04-07 13:09:45,089 p=31983 u=sdevil n=ansible | PLAY RECAP ************************************************************************************************************************************************************
2023-04-07 13:09:45,089 p=31983 u=sdevil n=ansible | 192.168.122.219            : ok=0    changed=0    unreachable=0    failed=1    skipped=0    rescued=0    ignored=0   
2023-04-07 13:09:53,377 p=32040 u=sdevil n=ansible | ansible-playbook [core 2.14.2]
  config file = /home/sdevil/ansible/ansible.cfg
  configured module search path = ['/home/sdevil/.ansible/plugins/modules', '/usr/share/ansible/plugins/modules']
  ansible python module location = /usr/lib/python3.10/site-packages/ansible
  ansible collection location = /home/sdevil/.ansible/collections:/usr/share/ansible/collections
  executable location = /usr/lib/python-exec/python3.10/ansible-playbook
  python version = 3.10.10 (main, Mar 23 2023, 21:30:05) [GCC 11.3.1 20230120] (/usr/bin/python3.10)
  jinja version = 3.1.2
  libyaml = True
2023-04-07 13:09:53,378 p=32040 u=sdevil n=ansible | Using /home/sdevil/ansible/ansible.cfg as config file
2023-04-07 13:09:53,389 p=32040 u=sdevil n=ansible | host_list declined parsing /home/sdevil/ansible/inventories/hosts as it did not pass its verify_file() method
2023-04-07 13:09:53,389 p=32040 u=sdevil n=ansible | script declined parsing /home/sdevil/ansible/inventories/hosts as it did not pass its verify_file() method
2023-04-07 13:09:53,389 p=32040 u=sdevil n=ansible | auto declined parsing /home/sdevil/ansible/inventories/hosts as it did not pass its verify_file() method
2023-04-07 13:09:53,393 p=32040 u=sdevil n=ansible | Parsed /home/sdevil/ansible/inventories/hosts inventory source with ini plugin
2023-04-07 13:09:53,549 p=32040 u=sdevil n=ansible | redirecting (type: callback) ansible.builtin.yaml to community.general.yaml
2023-04-07 13:09:53,608 p=32040 u=sdevil n=ansible | redirecting (type: callback) ansible.builtin.yaml to community.general.yaml
2023-04-07 13:09:53,633 p=32040 u=sdevil n=ansible | Skipping callback 'default', as we already have a stdout callback.
2023-04-07 13:09:53,633 p=32040 u=sdevil n=ansible | Skipping callback 'minimal', as we already have a stdout callback.
2023-04-07 13:09:53,633 p=32040 u=sdevil n=ansible | Skipping callback 'oneline', as we already have a stdout callback.
2023-04-07 13:09:53,633 p=32040 u=sdevil n=ansible | PLAYBOOK: playbook.yml ************************************************************************************************************************************************
2023-04-07 13:09:53,634 p=32040 u=sdevil n=ansible | 3 plays in playbook.yml
2023-04-07 13:09:53,636 p=32040 u=sdevil n=ansible | PLAY [Install datablese] **********************************************************************************************************************************************
2023-04-07 13:09:53,657 p=32040 u=sdevil n=ansible | TASK [Gathering Facts] ************************************************************************************************************************************************
2023-04-07 13:09:54,054 p=32040 u=sdevil n=ansible | Using module file /usr/lib/python3.10/site-packages/ansible/modules/setup.py
2023-04-07 13:09:54,054 p=32040 u=sdevil n=ansible | Pipelining is enabled.
2023-04-07 13:09:54,054 p=32040 u=sdevil n=ansible | <192.168.122.219> ESTABLISH SSH CONNECTION FOR USER: None
2023-04-07 13:09:54,055 p=32040 u=sdevil n=ansible | <192.168.122.219> SSH: EXEC ssh -C -o ControlMaster=auto -o ControlPersist=60s -o StrictHostKeyChecking=no -o KbdInteractiveAuthentication=no -o PreferredAuthentications=gssapi-with-mic,gssapi-keyex,hostbased,publickey -o PasswordAuthentication=no -o ConnectTimeout=10 -o 'ControlPath="/home/sdevil/.ansible/cp/f9a0ffc59f"' 192.168.122.219 '/bin/sh -c '"'"'sudo -H -S -n  -u root /bin/sh -c '"'"'"'"'"'"'"'"'echo BECOME-SUCCESS-wgemactuigqjnlkdeycjtxfgxylkjysu ; /usr/bin/python3'"'"'"'"'"'"'"'"' && sleep 0'"'"''
2023-04-07 13:09:54,075 p=32040 u=sdevil n=ansible | Escalation requires password
2023-04-07 13:09:54,109 p=32040 u=sdevil n=ansible | fatal: [192.168.122.219]: FAILED! => 
  msg: Missing sudo password
2023-04-07 13:09:54,110 p=32040 u=sdevil n=ansible | PLAY RECAP ************************************************************************************************************************************************************
2023-04-07 13:09:54,110 p=32040 u=sdevil n=ansible | 192.168.122.219            : ok=0    changed=0    unreachable=0    failed=1    skipped=0    rescued=0    ignored=0   
2023-04-07 13:10:55,716 p=32250 u=sdevil n=ansible | ansible-playbook [core 2.14.2]
  config file = /home/sdevil/ansible/ansible.cfg
  configured module search path = ['/home/sdevil/.ansible/plugins/modules', '/usr/share/ansible/plugins/modules']
  ansible python module location = /usr/lib/python3.10/site-packages/ansible
  ansible collection location = /home/sdevil/.ansible/collections:/usr/share/ansible/collections
  executable location = /usr/lib/python-exec/python3.10/ansible-playbook
  python version = 3.10.10 (main, Mar 23 2023, 21:30:05) [GCC 11.3.1 20230120] (/usr/bin/python3.10)
  jinja version = 3.1.2
  libyaml = True
2023-04-07 13:10:55,716 p=32250 u=sdevil n=ansible | Using /home/sdevil/ansible/ansible.cfg as config file
2023-04-07 13:10:55,726 p=32250 u=sdevil n=ansible | host_list declined parsing /home/sdevil/ansible/inventories/hosts as it did not pass its verify_file() method
2023-04-07 13:10:55,727 p=32250 u=sdevil n=ansible | script declined parsing /home/sdevil/ansible/inventories/hosts as it did not pass its verify_file() method
2023-04-07 13:10:55,727 p=32250 u=sdevil n=ansible | auto declined parsing /home/sdevil/ansible/inventories/hosts as it did not pass its verify_file() method
2023-04-07 13:10:55,731 p=32250 u=sdevil n=ansible | Parsed /home/sdevil/ansible/inventories/hosts inventory source with ini plugin
2023-04-07 13:10:55,878 p=32250 u=sdevil n=ansible | redirecting (type: callback) ansible.builtin.yaml to community.general.yaml
2023-04-07 13:10:55,936 p=32250 u=sdevil n=ansible | redirecting (type: callback) ansible.builtin.yaml to community.general.yaml
2023-04-07 13:10:55,967 p=32250 u=sdevil n=ansible | Skipping callback 'default', as we already have a stdout callback.
2023-04-07 13:10:55,968 p=32250 u=sdevil n=ansible | Skipping callback 'minimal', as we already have a stdout callback.
2023-04-07 13:10:55,968 p=32250 u=sdevil n=ansible | Skipping callback 'oneline', as we already have a stdout callback.
2023-04-07 13:10:55,968 p=32250 u=sdevil n=ansible | PLAYBOOK: playbook.yml ************************************************************************************************************************************************
2023-04-07 13:10:55,968 p=32250 u=sdevil n=ansible | 3 plays in playbook.yml
2023-04-07 13:10:55,971 p=32250 u=sdevil n=ansible | PLAY [Install datablese] **********************************************************************************************************************************************
2023-04-07 13:10:55,996 p=32250 u=sdevil n=ansible | TASK [Gathering Facts] ************************************************************************************************************************************************
2023-04-07 13:10:56,395 p=32250 u=sdevil n=ansible | Using module file /usr/lib/python3.10/site-packages/ansible/modules/setup.py
2023-04-07 13:10:56,395 p=32250 u=sdevil n=ansible | Pipelining is enabled.
2023-04-07 13:10:56,396 p=32250 u=sdevil n=ansible | <192.168.122.219> ESTABLISH SSH CONNECTION FOR USER: None
2023-04-07 13:10:56,396 p=32250 u=sdevil n=ansible | <192.168.122.219> SSH: EXEC ssh -C -o ControlMaster=auto -o ControlPersist=60s -o StrictHostKeyChecking=no -o KbdInteractiveAuthentication=no -o PreferredAuthentications=gssapi-with-mic,gssapi-keyex,hostbased,publickey -o PasswordAuthentication=no -o ConnectTimeout=10 -o 'ControlPath="/home/sdevil/.ansible/cp/f9a0ffc59f"' 192.168.122.219 '/bin/sh -c '"'"'sudo -H -S -n  -u root /bin/sh -c '"'"'"'"'"'"'"'"'echo BECOME-SUCCESS-gmupnpkqszlmkyrvlvanyemneyprweaz ; /usr/bin/python3'"'"'"'"'"'"'"'"' && sleep 0'"'"''
2023-04-07 13:10:57,214 p=32250 u=sdevil n=ansible | Escalation requires password
2023-04-07 13:10:57,220 p=32250 u=sdevil n=ansible | fatal: [192.168.122.219]: FAILED! => 
  msg: Missing sudo password
2023-04-07 13:10:57,221 p=32250 u=sdevil n=ansible | PLAY RECAP ************************************************************************************************************************************************************
2023-04-07 13:10:57,221 p=32250 u=sdevil n=ansible | 192.168.122.219            : ok=0    changed=0    unreachable=0    failed=1    skipped=0    rescued=0    ignored=0   
2023-04-07 13:15:59,509 p=32970 u=sdevil n=ansible | ansible-playbook [core 2.14.2]
  config file = /home/sdevil/ansible/ansible.cfg
  configured module search path = ['/home/sdevil/.ansible/plugins/modules', '/usr/share/ansible/plugins/modules']
  ansible python module location = /usr/lib/python3.10/site-packages/ansible
  ansible collection location = /home/sdevil/.ansible/collections:/usr/share/ansible/collections
  executable location = /usr/lib/python-exec/python3.10/ansible-playbook
  python version = 3.10.10 (main, Mar 23 2023, 21:30:05) [GCC 11.3.1 20230120] (/usr/bin/python3.10)
  jinja version = 3.1.2
  libyaml = True
2023-04-07 13:15:59,509 p=32970 u=sdevil n=ansible | Using /home/sdevil/ansible/ansible.cfg as config file
2023-04-07 13:16:05,541 p=32970 u=sdevil n=ansible | host_list declined parsing /home/sdevil/ansible/inventories/hosts as it did not pass its verify_file() method
2023-04-07 13:16:05,541 p=32970 u=sdevil n=ansible | script declined parsing /home/sdevil/ansible/inventories/hosts as it did not pass its verify_file() method
2023-04-07 13:16:05,542 p=32970 u=sdevil n=ansible | auto declined parsing /home/sdevil/ansible/inventories/hosts as it did not pass its verify_file() method
2023-04-07 13:16:05,545 p=32970 u=sdevil n=ansible | Parsed /home/sdevil/ansible/inventories/hosts inventory source with ini plugin
2023-04-07 13:16:05,690 p=32970 u=sdevil n=ansible | redirecting (type: callback) ansible.builtin.yaml to community.general.yaml
2023-04-07 13:16:05,750 p=32970 u=sdevil n=ansible | redirecting (type: callback) ansible.builtin.yaml to community.general.yaml
2023-04-07 13:16:05,775 p=32970 u=sdevil n=ansible | Skipping callback 'default', as we already have a stdout callback.
2023-04-07 13:16:05,775 p=32970 u=sdevil n=ansible | Skipping callback 'minimal', as we already have a stdout callback.
2023-04-07 13:16:05,775 p=32970 u=sdevil n=ansible | Skipping callback 'oneline', as we already have a stdout callback.
2023-04-07 13:16:05,775 p=32970 u=sdevil n=ansible | PLAYBOOK: playbook.yml ************************************************************************************************************************************************
2023-04-07 13:16:05,776 p=32970 u=sdevil n=ansible | 3 plays in playbook.yml
2023-04-07 13:16:05,778 p=32970 u=sdevil n=ansible | PLAY [Install datablese] **********************************************************************************************************************************************
2023-04-07 13:16:05,802 p=32970 u=sdevil n=ansible | TASK [Gathering Facts] ************************************************************************************************************************************************
2023-04-07 13:16:06,201 p=32970 u=sdevil n=ansible | Using module file /usr/lib/python3.10/site-packages/ansible/modules/setup.py
2023-04-07 13:16:06,201 p=32970 u=sdevil n=ansible | Pipelining is enabled.
2023-04-07 13:16:06,202 p=32970 u=sdevil n=ansible | <192.168.122.219> ESTABLISH SSH CONNECTION FOR USER: None
2023-04-07 13:16:06,262 p=32970 u=sdevil n=ansible | <192.168.122.219> SSH: EXEC sshpass -d11 ssh -C -o ControlMaster=auto -o ControlPersist=60s -o StrictHostKeyChecking=no -o ConnectTimeout=10 -o 'ControlPath="/home/sdevil/.ansible/cp/f9a0ffc59f"' 192.168.122.219 '/bin/sh -c '"'"'sudo -H -S -n  -u root /bin/sh -c '"'"'"'"'"'"'"'"'echo BECOME-SUCCESS-sfqphcikqlmtiacivgfugjawgstmvmuz ; /usr/bin/python3'"'"'"'"'"'"'"'"' && sleep 0'"'"''
2023-04-07 13:16:07,088 p=32970 u=sdevil n=ansible | Escalation requires password
2023-04-07 13:16:07,095 p=32970 u=sdevil n=ansible | fatal: [192.168.122.219]: FAILED! => 
  msg: Missing sudo password
2023-04-07 13:16:07,096 p=32970 u=sdevil n=ansible | PLAY RECAP ************************************************************************************************************************************************************
2023-04-07 13:16:07,097 p=32970 u=sdevil n=ansible | 192.168.122.219            : ok=0    changed=0    unreachable=0    failed=1    skipped=0    rescued=0    ignored=0   
2023-04-07 13:20:32,970 p=33749 u=sdevil n=ansible | ansible-playbook [core 2.14.2]
  config file = /home/sdevil/ansible/ansible.cfg
  configured module search path = ['/home/sdevil/.ansible/plugins/modules', '/usr/share/ansible/plugins/modules']
  ansible python module location = /usr/lib/python3.10/site-packages/ansible
  ansible collection location = /home/sdevil/.ansible/collections:/usr/share/ansible/collections
  executable location = /usr/lib/python-exec/python3.10/ansible-playbook
  python version = 3.10.10 (main, Mar 23 2023, 21:30:05) [GCC 11.3.1 20230120] (/usr/bin/python3.10)
  jinja version = 3.1.2
  libyaml = True
2023-04-07 13:20:32,970 p=33749 u=sdevil n=ansible | Using /home/sdevil/ansible/ansible.cfg as config file
2023-04-07 13:20:32,980 p=33749 u=sdevil n=ansible | host_list declined parsing /home/sdevil/ansible/inventories/hosts as it did not pass its verify_file() method
2023-04-07 13:20:32,981 p=33749 u=sdevil n=ansible | script declined parsing /home/sdevil/ansible/inventories/hosts as it did not pass its verify_file() method
2023-04-07 13:20:32,981 p=33749 u=sdevil n=ansible | auto declined parsing /home/sdevil/ansible/inventories/hosts as it did not pass its verify_file() method
2023-04-07 13:20:32,987 p=33749 u=sdevil n=ansible | Parsed /home/sdevil/ansible/inventories/hosts inventory source with ini plugin
2023-04-07 13:20:33,141 p=33749 u=sdevil n=ansible | redirecting (type: callback) ansible.builtin.yaml to community.general.yaml
2023-04-07 13:20:33,199 p=33749 u=sdevil n=ansible | redirecting (type: callback) ansible.builtin.yaml to community.general.yaml
2023-04-07 13:20:33,222 p=33749 u=sdevil n=ansible | Skipping callback 'default', as we already have a stdout callback.
2023-04-07 13:20:33,222 p=33749 u=sdevil n=ansible | Skipping callback 'minimal', as we already have a stdout callback.
2023-04-07 13:20:33,222 p=33749 u=sdevil n=ansible | Skipping callback 'oneline', as we already have a stdout callback.
2023-04-07 13:20:33,223 p=33749 u=sdevil n=ansible | PLAYBOOK: playbook.yml ************************************************************************************************************************************************
2023-04-07 13:20:33,223 p=33749 u=sdevil n=ansible | 3 plays in playbook.yml
2023-04-07 13:20:33,225 p=33749 u=sdevil n=ansible | PLAY [Install datablese] **********************************************************************************************************************************************
2023-04-07 13:20:33,246 p=33749 u=sdevil n=ansible | TASK [Gathering Facts] ************************************************************************************************************************************************
2023-04-07 13:20:33,657 p=33749 u=sdevil n=ansible | Using module file /usr/lib/python3.10/site-packages/ansible/modules/setup.py
2023-04-07 13:20:33,659 p=33749 u=sdevil n=ansible | Pipelining is enabled.
2023-04-07 13:20:33,660 p=33749 u=sdevil n=ansible | <192.168.122.219> ESTABLISH SSH CONNECTION FOR USER: None
2023-04-07 13:20:33,660 p=33749 u=sdevil n=ansible | <192.168.122.219> SSH: EXEC ssh -C -o ControlMaster=auto -o ControlPersist=60s -o StrictHostKeyChecking=no -o KbdInteractiveAuthentication=no -o PreferredAuthentications=gssapi-with-mic,gssapi-keyex,hostbased,publickey -o PasswordAuthentication=no -o ConnectTimeout=10 -o 'ControlPath="/home/sdevil/.ansible/cp/f9a0ffc59f"' 192.168.122.219 '/bin/sh -c '"'"'sudo -H -S -n  -u root /bin/sh -c '"'"'"'"'"'"'"'"'echo BECOME-SUCCESS-ncydhdkkyihchqbipqmajourgmtyrein ; /usr/bin/python3'"'"'"'"'"'"'"'"' && sleep 0'"'"''
2023-04-07 13:20:34,488 p=33749 u=sdevil n=ansible | Escalation requires password
2023-04-07 13:20:34,497 p=33749 u=sdevil n=ansible | fatal: [192.168.122.219]: FAILED! => 
  msg: Missing sudo password
2023-04-07 13:20:34,498 p=33749 u=sdevil n=ansible | PLAY RECAP ************************************************************************************************************************************************************
2023-04-07 13:20:34,498 p=33749 u=sdevil n=ansible | 192.168.122.219            : ok=0    changed=0    unreachable=0    failed=1    skipped=0    rescued=0    ignored=0   
2023-04-07 13:23:52,406 p=34179 u=sdevil n=ansible | ansible-playbook [core 2.14.2]
  config file = /home/sdevil/ansible/ansible.cfg
  configured module search path = ['/home/sdevil/.ansible/plugins/modules', '/usr/share/ansible/plugins/modules']
  ansible python module location = /usr/lib/python3.10/site-packages/ansible
  ansible collection location = /home/sdevil/.ansible/collections:/usr/share/ansible/collections
  executable location = /usr/lib/python-exec/python3.10/ansible-playbook
  python version = 3.10.10 (main, Mar 23 2023, 21:30:05) [GCC 11.3.1 20230120] (/usr/bin/python3.10)
  jinja version = 3.1.2
  libyaml = True
2023-04-07 13:23:52,406 p=34179 u=sdevil n=ansible | Using /home/sdevil/ansible/ansible.cfg as config file
2023-04-07 13:23:52,417 p=34179 u=sdevil n=ansible | host_list declined parsing /home/sdevil/ansible/inventories/hosts as it did not pass its verify_file() method
2023-04-07 13:23:52,417 p=34179 u=sdevil n=ansible | script declined parsing /home/sdevil/ansible/inventories/hosts as it did not pass its verify_file() method
2023-04-07 13:23:52,417 p=34179 u=sdevil n=ansible | auto declined parsing /home/sdevil/ansible/inventories/hosts as it did not pass its verify_file() method
2023-04-07 13:23:52,424 p=34179 u=sdevil n=ansible | Parsed /home/sdevil/ansible/inventories/hosts inventory source with ini plugin
2023-04-07 13:23:52,579 p=34179 u=sdevil n=ansible | redirecting (type: callback) ansible.builtin.yaml to community.general.yaml
2023-04-07 13:23:52,640 p=34179 u=sdevil n=ansible | redirecting (type: callback) ansible.builtin.yaml to community.general.yaml
2023-04-07 13:23:52,666 p=34179 u=sdevil n=ansible | Skipping callback 'default', as we already have a stdout callback.
2023-04-07 13:23:52,667 p=34179 u=sdevil n=ansible | Skipping callback 'minimal', as we already have a stdout callback.
2023-04-07 13:23:52,667 p=34179 u=sdevil n=ansible | Skipping callback 'oneline', as we already have a stdout callback.
2023-04-07 13:23:52,667 p=34179 u=sdevil n=ansible | PLAYBOOK: playbook.yml ************************************************************************************************************************************************
2023-04-07 13:23:52,667 p=34179 u=sdevil n=ansible | 3 plays in playbook.yml
2023-04-07 13:23:52,669 p=34179 u=sdevil n=ansible | PLAY [Install datablese] **********************************************************************************************************************************************
2023-04-07 13:23:52,693 p=34179 u=sdevil n=ansible | TASK [Gathering Facts] ************************************************************************************************************************************************
2023-04-07 13:23:53,144 p=34179 u=sdevil n=ansible | Using module file /usr/lib/python3.10/site-packages/ansible/modules/setup.py
2023-04-07 13:23:53,144 p=34179 u=sdevil n=ansible | Pipelining is enabled.
2023-04-07 13:23:53,144 p=34179 u=sdevil n=ansible | <192.168.122.219> ESTABLISH SSH CONNECTION FOR USER: None
2023-04-07 13:23:53,145 p=34179 u=sdevil n=ansible | <192.168.122.219> SSH: EXEC ssh -C -o ControlMaster=auto -o ControlPersist=60s -o StrictHostKeyChecking=no -o KbdInteractiveAuthentication=no -o PreferredAuthentications=gssapi-with-mic,gssapi-keyex,hostbased,publickey -o PasswordAuthentication=no -o ConnectTimeout=10 -o 'ControlPath="/home/sdevil/.ansible/cp/f9a0ffc59f"' 192.168.122.219 '/bin/sh -c '"'"'sudo -H -S -n  -u root /bin/sh -c '"'"'"'"'"'"'"'"'echo BECOME-SUCCESS-pjxzocqzcaeolbynzvvaxasqaxjdekyp ; /usr/bin/python3'"'"'"'"'"'"'"'"' && sleep 0'"'"''
2023-04-07 13:23:53,957 p=34179 u=sdevil n=ansible | Escalation requires password
2023-04-07 13:23:53,965 p=34179 u=sdevil n=ansible | fatal: [192.168.122.219]: FAILED! => 
  msg: Missing sudo password
2023-04-07 13:23:53,966 p=34179 u=sdevil n=ansible | PLAY RECAP ************************************************************************************************************************************************************
2023-04-07 13:23:53,966 p=34179 u=sdevil n=ansible | 192.168.122.219            : ok=0    changed=0    unreachable=0    failed=1    skipped=0    rescued=0    ignored=0   
2023-04-07 13:27:50,825 p=34693 u=sdevil n=ansible | ansible-playbook [core 2.14.2]
  config file = /home/sdevil/ansible/ansible.cfg
  configured module search path = ['/home/sdevil/.ansible/plugins/modules', '/usr/share/ansible/plugins/modules']
  ansible python module location = /usr/lib/python3.10/site-packages/ansible
  ansible collection location = /home/sdevil/.ansible/collections:/usr/share/ansible/collections
  executable location = /usr/lib/python-exec/python3.10/ansible-playbook
  python version = 3.10.10 (main, Mar 23 2023, 21:30:05) [GCC 11.3.1 20230120] (/usr/bin/python3.10)
  jinja version = 3.1.2
  libyaml = True
2023-04-07 13:27:50,825 p=34693 u=sdevil n=ansible | Using /home/sdevil/ansible/ansible.cfg as config file
2023-04-07 13:27:50,836 p=34693 u=sdevil n=ansible | host_list declined parsing /home/sdevil/ansible/inventories/hosts as it did not pass its verify_file() method
2023-04-07 13:27:50,837 p=34693 u=sdevil n=ansible | script declined parsing /home/sdevil/ansible/inventories/hosts as it did not pass its verify_file() method
2023-04-07 13:27:50,837 p=34693 u=sdevil n=ansible | auto declined parsing /home/sdevil/ansible/inventories/hosts as it did not pass its verify_file() method
2023-04-07 13:27:50,843 p=34693 u=sdevil n=ansible | Parsed /home/sdevil/ansible/inventories/hosts inventory source with ini plugin
2023-04-07 13:27:51,306 p=34693 u=sdevil n=ansible | redirecting (type: callback) ansible.builtin.yaml to community.general.yaml
2023-04-07 13:27:51,369 p=34693 u=sdevil n=ansible | redirecting (type: callback) ansible.builtin.yaml to community.general.yaml
2023-04-07 13:27:51,423 p=34693 u=sdevil n=ansible | Skipping callback 'default', as we already have a stdout callback.
2023-04-07 13:27:51,423 p=34693 u=sdevil n=ansible | Skipping callback 'minimal', as we already have a stdout callback.
2023-04-07 13:27:51,424 p=34693 u=sdevil n=ansible | Skipping callback 'oneline', as we already have a stdout callback.
2023-04-07 13:27:51,424 p=34693 u=sdevil n=ansible | PLAYBOOK: playbook.yml ************************************************************************************************************************************************
2023-04-07 13:27:51,424 p=34693 u=sdevil n=ansible | 3 plays in playbook.yml
2023-04-07 13:27:51,426 p=34693 u=sdevil n=ansible | PLAY [Install datablese] **********************************************************************************************************************************************
2023-04-07 13:27:51,463 p=34693 u=sdevil n=ansible | TASK [Gathering Facts] ************************************************************************************************************************************************
2023-04-07 13:27:51,966 p=34693 u=sdevil n=ansible | Using module file /usr/lib/python3.10/site-packages/ansible/modules/setup.py
2023-04-07 13:27:51,966 p=34693 u=sdevil n=ansible | Pipelining is enabled.
2023-04-07 13:27:51,966 p=34693 u=sdevil n=ansible | <192.168.122.219> ESTABLISH SSH CONNECTION FOR USER: None
2023-04-07 13:27:51,967 p=34693 u=sdevil n=ansible | <192.168.122.219> SSH: EXEC ssh -C -o ControlMaster=auto -o ControlPersist=60s -o StrictHostKeyChecking=no -o KbdInteractiveAuthentication=no -o PreferredAuthentications=gssapi-with-mic,gssapi-keyex,hostbased,publickey -o PasswordAuthentication=no -o ConnectTimeout=10 -o 'ControlPath="/home/sdevil/.ansible/cp/f9a0ffc59f"' 192.168.122.219 '/bin/sh -c '"'"'sudo -H -S -n  -u root /bin/sh -c '"'"'"'"'"'"'"'"'echo BECOME-SUCCESS-qxelgwerteldxurvsmcgsnjeasjryxbb ; /usr/bin/python3'"'"'"'"'"'"'"'"' && sleep 0'"'"''
2023-04-07 13:27:52,811 p=34693 u=sdevil n=ansible | Escalation requires password
2023-04-07 13:27:52,817 p=34693 u=sdevil n=ansible | fatal: [192.168.122.219]: FAILED! => 
  msg: Missing sudo password
2023-04-07 13:27:52,818 p=34693 u=sdevil n=ansible | PLAY RECAP ************************************************************************************************************************************************************
2023-04-07 13:27:52,818 p=34693 u=sdevil n=ansible | 192.168.122.219            : ok=0    changed=0    unreachable=0    failed=1    skipped=0    rescued=0    ignored=0   
2023-04-07 13:36:03,256 p=36416 u=sdevil n=ansible | PLAY [Install datablese] **********************************************************************************************************************************************
2023-04-07 13:36:03,332 p=36416 u=sdevil n=ansible | TASK [Gathering Facts] ************************************************************************************************************************************************
2023-04-07 13:36:06,810 p=36416 u=sdevil n=ansible | ok: [192.168.122.219]
2023-04-07 13:36:06,855 p=36416 u=sdevil n=ansible | TASK [mysql : Role mysql | install mariadb] ***************************************************************************************************************************
2023-04-07 13:39:20,601 p=36416 u=sdevil n=ansible | changed: [192.168.122.219]
2023-04-07 13:39:20,643 p=36416 u=sdevil n=ansible | TASK [mysql : Role mysql | install pymysql using pip] *****************************************************************************************************************
2023-04-07 13:39:27,781 p=36416 u=sdevil n=ansible | changed: [192.168.122.219]
2023-04-07 13:39:27,833 p=36416 u=sdevil n=ansible | TASK [mysql : Role mysql | Started mariadb service] *******************************************************************************************************************
2023-04-07 13:39:28,914 p=36416 u=sdevil n=ansible | ok: [192.168.122.219]
2023-04-07 13:39:28,925 p=36416 u=sdevil n=ansible | TASK [mysql : Role mysql | Set the root password] *********************************************************************************************************************
2023-04-07 13:39:29,700 p=36416 u=sdevil n=ansible | changed: [192.168.122.219]
2023-04-07 13:39:29,712 p=36416 u=sdevil n=ansible | TASK [mysql : Role mysql | remove anonymous user accounts] ************************************************************************************************************
2023-04-07 13:39:30,043 p=36416 u=sdevil n=ansible | ok: [192.168.122.219]
2023-04-07 13:39:30,055 p=36416 u=sdevil n=ansible | TASK [mysql : Role mysql | remove the MySQL test database] ************************************************************************************************************
2023-04-07 13:39:30,593 p=36416 u=sdevil n=ansible | ok: [192.168.122.219]
2023-04-07 13:39:30,605 p=36416 u=sdevil n=ansible | TASK [mysql : Role mysql | create database] ***************************************************************************************************************************
2023-04-07 13:39:30,944 p=36416 u=sdevil n=ansible | changed: [192.168.122.219]
2023-04-07 13:39:30,954 p=36416 u=sdevil n=ansible | TASK [mysql : Role mysql | create MySQL admin user for database] ******************************************************************************************************
2023-04-07 13:39:31,331 p=36416 u=sdevil n=ansible | changed: [192.168.122.219]
2023-04-07 13:39:31,396 p=36416 u=sdevil n=ansible | PLAY [Install php] ****************************************************************************************************************************************************
2023-04-07 13:39:31,410 p=36416 u=sdevil n=ansible | TASK [Gathering Facts] ************************************************************************************************************************************************
2023-04-07 13:39:35,902 p=36416 u=sdevil n=ansible | ok: [192.168.122.44]
2023-04-07 13:39:35,946 p=36416 u=sdevil n=ansible | TASK [php : Role php | install PHP server and plugins] ****************************************************************************************************************
2023-04-07 13:41:57,029 p=36416 u=sdevil n=ansible | changed: [192.168.122.44]
2023-04-07 13:41:57,092 p=36416 u=sdevil n=ansible | TASK [php : Role php | start service] *********************************************************************************************************************************
2023-04-07 13:41:58,019 p=36416 u=sdevil n=ansible | fatal: [192.168.122.44]: FAILED! => changed=false 
  msg: 'Could not find the requested service php7.4-fpm: host'
2023-04-07 13:41:58,046 p=36416 u=sdevil n=ansible | PLAY RECAP ************************************************************************************************************************************************************
2023-04-07 13:41:58,047 p=36416 u=sdevil n=ansible | 192.168.122.219            : ok=9    changed=5    unreachable=0    failed=0    skipped=0    rescued=0    ignored=0   
2023-04-07 13:41:58,047 p=36416 u=sdevil n=ansible | 192.168.122.44             : ok=2    changed=1    unreachable=0    failed=1    skipped=0    rescued=0    ignored=0   
2023-04-07 14:03:17,514 p=40599 u=sdevil n=ansible | PLAY [Install datablese] **********************************************************************************************************************************************
2023-04-07 14:03:17,704 p=40599 u=sdevil n=ansible | TASK [Gathering Facts] ************************************************************************************************************************************************
2023-04-07 14:03:22,301 p=40599 u=sdevil n=ansible | ok: [192.168.122.219]
2023-04-07 14:03:22,345 p=40599 u=sdevil n=ansible | TASK [mysql : Role mysql | install mariadb] ***************************************************************************************************************************
2023-04-07 14:03:25,929 p=40599 u=sdevil n=ansible | ok: [192.168.122.219]
2023-04-07 14:03:25,940 p=40599 u=sdevil n=ansible | TASK [mysql : Role mysql | install pymysql using pip] *****************************************************************************************************************
2023-04-07 14:03:27,457 p=40599 u=sdevil n=ansible | ok: [192.168.122.219]
2023-04-07 14:03:27,533 p=40599 u=sdevil n=ansible | TASK [mysql : Role mysql | Started mariadb service] *******************************************************************************************************************
2023-04-07 14:03:28,446 p=40599 u=sdevil n=ansible | ok: [192.168.122.219]
2023-04-07 14:03:28,457 p=40599 u=sdevil n=ansible | TASK [mysql : Role mysql | Set the root password] *********************************************************************************************************************
2023-04-07 14:03:29,028 p=40599 u=sdevil n=ansible | ok: [192.168.122.219]
2023-04-07 14:03:29,040 p=40599 u=sdevil n=ansible | TASK [mysql : Role mysql | remove anonymous user accounts] ************************************************************************************************************
2023-04-07 14:03:29,365 p=40599 u=sdevil n=ansible | ok: [192.168.122.219]
2023-04-07 14:03:29,377 p=40599 u=sdevil n=ansible | TASK [mysql : Role mysql | remove the MySQL test database] ************************************************************************************************************
2023-04-07 14:03:29,875 p=40599 u=sdevil n=ansible | ok: [192.168.122.219]
2023-04-07 14:03:29,889 p=40599 u=sdevil n=ansible | TASK [mysql : Role mysql | create database] ***************************************************************************************************************************
2023-04-07 14:03:30,206 p=40599 u=sdevil n=ansible | ok: [192.168.122.219]
2023-04-07 14:03:30,219 p=40599 u=sdevil n=ansible | TASK [mysql : Role mysql | create MySQL admin user for database] ******************************************************************************************************
2023-04-07 14:03:30,559 p=40599 u=sdevil n=ansible | ok: [192.168.122.219]
2023-04-07 14:03:30,623 p=40599 u=sdevil n=ansible | PLAY [Install php] ****************************************************************************************************************************************************
2023-04-07 14:03:30,632 p=40599 u=sdevil n=ansible | TASK [Gathering Facts] ************************************************************************************************************************************************
2023-04-07 14:03:34,101 p=40599 u=sdevil n=ansible | ok: [192.168.122.44]
2023-04-07 14:03:34,147 p=40599 u=sdevil n=ansible | TASK [php : Role php | install PHP server and plugins] ****************************************************************************************************************
2023-04-07 14:03:37,087 p=40599 u=sdevil n=ansible | ok: [192.168.122.44]
2023-04-07 14:03:37,098 p=40599 u=sdevil n=ansible | TASK [php : Role php | start service] *********************************************************************************************************************************
2023-04-07 14:03:37,546 p=40599 u=sdevil n=ansible | fatal: [192.168.122.44]: FAILED! => changed=false 
  msg: 'Could not find the requested service php7.4-fpm: host'
2023-04-07 14:03:37,573 p=40599 u=sdevil n=ansible | PLAY RECAP ************************************************************************************************************************************************************
2023-04-07 14:03:37,573 p=40599 u=sdevil n=ansible | 192.168.122.219            : ok=9    changed=0    unreachable=0    failed=0    skipped=0    rescued=0    ignored=0   
2023-04-07 14:03:37,573 p=40599 u=sdevil n=ansible | 192.168.122.44             : ok=2    changed=0    unreachable=0    failed=1    skipped=0    rescued=0    ignored=0   
2023-04-07 14:30:47,655 p=45142 u=sdevil n=ansible | PLAY [Install datablese] **********************************************************************************************************************************************
2023-04-07 14:30:47,795 p=45142 u=sdevil n=ansible | TASK [Gathering Facts] ************************************************************************************************************************************************
2023-04-07 14:30:51,018 p=45142 u=sdevil n=ansible | ok: [192.168.122.219]
2023-04-07 14:30:51,066 p=45142 u=sdevil n=ansible | TASK [mysql : Role mysql | install mariadb] ***************************************************************************************************************************
2023-04-07 14:30:54,343 p=45142 u=sdevil n=ansible | ok: [192.168.122.219]
2023-04-07 14:30:54,355 p=45142 u=sdevil n=ansible | TASK [mysql : Role mysql | install pymysql using pip] *****************************************************************************************************************
2023-04-07 14:30:55,888 p=45142 u=sdevil n=ansible | ok: [192.168.122.219]
2023-04-07 14:30:55,944 p=45142 u=sdevil n=ansible | TASK [mysql : Role mysql | Started mariadb service] *******************************************************************************************************************
2023-04-07 14:30:56,891 p=45142 u=sdevil n=ansible | ok: [192.168.122.219]
2023-04-07 14:30:56,904 p=45142 u=sdevil n=ansible | TASK [mysql : Role mysql | Set the root password] *********************************************************************************************************************
2023-04-07 14:30:57,648 p=45142 u=sdevil n=ansible | ok: [192.168.122.219]
2023-04-07 14:30:57,661 p=45142 u=sdevil n=ansible | TASK [mysql : Role mysql | remove anonymous user accounts] ************************************************************************************************************
2023-04-07 14:30:58,009 p=45142 u=sdevil n=ansible | ok: [192.168.122.219]
2023-04-07 14:30:58,021 p=45142 u=sdevil n=ansible | TASK [mysql : Role mysql | remove the MySQL test database] ************************************************************************************************************
2023-04-07 14:30:58,591 p=45142 u=sdevil n=ansible | ok: [192.168.122.219]
2023-04-07 14:30:58,604 p=45142 u=sdevil n=ansible | TASK [mysql : Role mysql | create database] ***************************************************************************************************************************
2023-04-07 14:30:58,930 p=45142 u=sdevil n=ansible | ok: [192.168.122.219]
2023-04-07 14:30:58,943 p=45142 u=sdevil n=ansible | TASK [mysql : Role mysql | create MySQL admin user for database] ******************************************************************************************************
2023-04-07 14:30:59,340 p=45142 u=sdevil n=ansible | ok: [192.168.122.219]
2023-04-07 14:30:59,410 p=45142 u=sdevil n=ansible | PLAY [Install php] ****************************************************************************************************************************************************
2023-04-07 14:30:59,420 p=45142 u=sdevil n=ansible | TASK [Gathering Facts] ************************************************************************************************************************************************
2023-04-07 14:31:01,569 p=45142 u=sdevil n=ansible | ok: [192.168.122.44]
2023-04-07 14:31:01,615 p=45142 u=sdevil n=ansible | TASK [php : Role php | install PHP server and plugins] ****************************************************************************************************************
2023-04-07 14:31:04,538 p=45142 u=sdevil n=ansible | ok: [192.168.122.44]
2023-04-07 14:31:04,551 p=45142 u=sdevil n=ansible | TASK [php : Role php | start service] *********************************************************************************************************************************
2023-04-07 14:31:05,052 p=45142 u=sdevil n=ansible | ok: [192.168.122.44]
2023-04-07 14:31:05,152 p=45142 u=sdevil n=ansible | PLAY [Install nginx and wordpress] ************************************************************************************************************************************
2023-04-07 14:31:05,165 p=45142 u=sdevil n=ansible | TASK [Gathering Facts] ************************************************************************************************************************************************
2023-04-07 14:31:09,200 p=45142 u=sdevil n=ansible | ok: [192.168.122.107]
2023-04-07 14:31:09,244 p=45142 u=sdevil n=ansible | TASK [nginx : Role nginx | install nginx] *****************************************************************************************************************************
2023-04-07 14:32:04,252 p=45142 u=sdevil n=ansible | changed: [192.168.122.107]
2023-04-07 14:32:04,453 p=45142 u=sdevil n=ansible | TASK [wordpress : Role wordpress | Download and unpack latest WordPress] **********************************************************************************************
2023-04-07 14:32:14,119 p=45142 u=sdevil n=ansible | changed: [192.168.122.107]
2023-04-07 14:32:14,132 p=45142 u=sdevil n=ansible | TASK [wordpress : Role wordpress | Set ownership] *********************************************************************************************************************
2023-04-07 14:32:15,073 p=45142 u=sdevil n=ansible | changed: [192.168.122.107]
2023-04-07 14:32:15,416 p=45142 u=sdevil n=ansible | TASK [wordpress : Role wordpress | Add site to sites folder in Nginx] *************************************************************************************************
2023-04-07 14:32:16,335 p=45142 u=sdevil n=ansible | changed: [192.168.122.107]
2023-04-07 14:32:16,348 p=45142 u=sdevil n=ansible | TASK [wordpress : Role wordpress | remove default page] ***************************************************************************************************************
2023-04-07 14:32:16,613 p=45142 u=sdevil n=ansible | changed: [192.168.122.107]
2023-04-07 14:32:16,624 p=45142 u=sdevil n=ansible | TASK [wordpress : Role wordpress | add wp-config] *********************************************************************************************************************
2023-04-07 14:32:17,491 p=45142 u=sdevil n=ansible | changed: [192.168.122.107]
2023-04-07 14:32:17,502 p=45142 u=sdevil n=ansible | TASK [wordpress : Role wordpress | activate site] *********************************************************************************************************************
2023-04-07 14:32:17,773 p=45142 u=sdevil n=ansible | ERROR! The requested handler 'Service | reload nginx' was not found in either the main handlers list nor in the listening handlers list
2023-04-07 14:40:41,138 p=46783 u=sdevil n=ansible | ERROR! The handlers/main.yml file for role 'wordpress' must contain a list of tasks

The error appears to be in '/home/sdevil/ansible/roles/wordpress/handlers/main.yml': line 2, column 1, but may
be elsewhere in the file depending on the exact syntax problem.

The offending line appears to be:

---
domain_name: wp.com
^ here

2023-04-07 14:41:56,247 p=47058 u=sdevil n=ansible | ERROR! The handlers/main.yml file for role 'wordpress' must contain a list of tasks

The error appears to be in '/home/sdevil/ansible/roles/wordpress/handlers/main.yml': line 2, column 2, but may
be elsewhere in the file depending on the exact syntax problem.

The offending line appears to be:

---
 domain_name: wp.com
 ^ here

2023-04-07 14:46:44,910 p=48410 u=sdevil n=ansible | PLAY [Install datablese] **********************************************************************************************************************************************
2023-04-07 14:46:45,004 p=48410 u=sdevil n=ansible | TASK [Gathering Facts] ************************************************************************************************************************************************
2023-04-07 14:46:47,518 p=48410 u=sdevil n=ansible | ok: [192.168.122.219]
2023-04-07 14:46:47,564 p=48410 u=sdevil n=ansible | TASK [mysql : Role mysql | install mariadb] ***************************************************************************************************************************
2023-04-07 14:46:50,567 p=48410 u=sdevil n=ansible | ok: [192.168.122.219]
2023-04-07 14:46:50,578 p=48410 u=sdevil n=ansible | TASK [mysql : Role mysql | install pymysql using pip] *****************************************************************************************************************
2023-04-07 14:46:52,266 p=48410 u=sdevil n=ansible | ok: [192.168.122.219]
2023-04-07 14:46:52,315 p=48410 u=sdevil n=ansible | TASK [mysql : Role mysql | Started mariadb service] *******************************************************************************************************************
2023-04-07 14:46:53,160 p=48410 u=sdevil n=ansible | ok: [192.168.122.219]
2023-04-07 14:46:53,171 p=48410 u=sdevil n=ansible | TASK [mysql : Role mysql | Set the root password] *********************************************************************************************************************
2023-04-07 14:46:53,730 p=48410 u=sdevil n=ansible | ok: [192.168.122.219]
2023-04-07 14:46:53,743 p=48410 u=sdevil n=ansible | TASK [mysql : Role mysql | remove anonymous user accounts] ************************************************************************************************************
2023-04-07 14:46:54,108 p=48410 u=sdevil n=ansible | ok: [192.168.122.219]
2023-04-07 14:46:54,122 p=48410 u=sdevil n=ansible | TASK [mysql : Role mysql | remove the MySQL test database] ************************************************************************************************************
2023-04-07 14:46:54,629 p=48410 u=sdevil n=ansible | ok: [192.168.122.219]
2023-04-07 14:46:54,641 p=48410 u=sdevil n=ansible | TASK [mysql : Role mysql | create database] ***************************************************************************************************************************
2023-04-07 14:46:54,952 p=48410 u=sdevil n=ansible | ok: [192.168.122.219]
2023-04-07 14:46:54,963 p=48410 u=sdevil n=ansible | TASK [mysql : Role mysql | create MySQL admin user for database] ******************************************************************************************************
2023-04-07 14:46:55,297 p=48410 u=sdevil n=ansible | ok: [192.168.122.219]
2023-04-07 14:46:55,363 p=48410 u=sdevil n=ansible | PLAY [Install php] ****************************************************************************************************************************************************
2023-04-07 14:46:55,372 p=48410 u=sdevil n=ansible | TASK [Gathering Facts] ************************************************************************************************************************************************
2023-04-07 14:46:57,485 p=48410 u=sdevil n=ansible | ok: [192.168.122.44]
2023-04-07 14:46:57,530 p=48410 u=sdevil n=ansible | TASK [php : Role php | install PHP server and plugins] ****************************************************************************************************************
2023-04-07 14:47:00,191 p=48410 u=sdevil n=ansible | ok: [192.168.122.44]
2023-04-07 14:47:00,204 p=48410 u=sdevil n=ansible | TASK [php : Role php | start service] *********************************************************************************************************************************
2023-04-07 14:47:00,678 p=48410 u=sdevil n=ansible | ok: [192.168.122.44]
2023-04-07 14:47:00,774 p=48410 u=sdevil n=ansible | PLAY [Install nginx and wordpress] ************************************************************************************************************************************
2023-04-07 14:47:00,789 p=48410 u=sdevil n=ansible | TASK [Gathering Facts] ************************************************************************************************************************************************
2023-04-07 14:47:04,246 p=48410 u=sdevil n=ansible | ok: [192.168.122.107]
2023-04-07 14:47:04,297 p=48410 u=sdevil n=ansible | TASK [nginx : Role nginx | install nginx] *****************************************************************************************************************************
2023-04-07 14:47:07,063 p=48410 u=sdevil n=ansible | ok: [192.168.122.107]
2023-04-07 14:47:07,150 p=48410 u=sdevil n=ansible | TASK [wordpress : Role wordpress | Download and unpack latest WordPress] **********************************************************************************************
2023-04-07 14:47:07,233 p=48410 u=sdevil n=ansible | skipping: [192.168.122.107]
2023-04-07 14:47:07,248 p=48410 u=sdevil n=ansible | TASK [wordpress : Role wordpress | Set ownership] *********************************************************************************************************************
2023-04-07 14:47:07,905 p=48410 u=sdevil n=ansible | changed: [192.168.122.107]
2023-04-07 14:47:07,919 p=48410 u=sdevil n=ansible | TASK [wordpress : Role wordpress | Add site to sites folder in Nginx] *************************************************************************************************
2023-04-07 14:47:08,750 p=48410 u=sdevil n=ansible | ok: [192.168.122.107]
2023-04-07 14:47:08,763 p=48410 u=sdevil n=ansible | TASK [wordpress : Role wordpress | remove default page] ***************************************************************************************************************
2023-04-07 14:47:09,046 p=48410 u=sdevil n=ansible | ok: [192.168.122.107]
2023-04-07 14:47:09,060 p=48410 u=sdevil n=ansible | TASK [wordpress : Role wordpress | add wp-config] *********************************************************************************************************************
2023-04-07 14:47:10,088 p=48410 u=sdevil n=ansible | changed: [192.168.122.107]
2023-04-07 14:47:10,101 p=48410 u=sdevil n=ansible | TASK [wordpress : Role wordpress | activate site] *********************************************************************************************************************
2023-04-07 14:47:10,392 p=48410 u=sdevil n=ansible | ok: [192.168.122.107]
2023-04-07 14:47:10,458 p=48410 u=sdevil n=ansible | PLAY RECAP ************************************************************************************************************************************************************
2023-04-07 14:47:10,458 p=48410 u=sdevil n=ansible | 192.168.122.107            : ok=7    changed=2    unreachable=0    failed=0    skipped=1    rescued=0    ignored=0   
2023-04-07 14:47:10,459 p=48410 u=sdevil n=ansible | 192.168.122.219            : ok=9    changed=0    unreachable=0    failed=0    skipped=0    rescued=0    ignored=0   
2023-04-07 14:47:10,459 p=48410 u=sdevil n=ansible | 192.168.122.44             : ok=3    changed=0    unreachable=0    failed=0    skipped=0    rescued=0    ignored=0   
2023-04-07 14:48:02,484 p=48862 u=sdevil n=ansible | PLAY [Install datablese] **********************************************************************************************************************************************
2023-04-07 14:48:02,510 p=48862 u=sdevil n=ansible | TASK [Gathering Facts] ************************************************************************************************************************************************
2023-04-07 14:48:04,900 p=48862 u=sdevil n=ansible | ok: [192.168.122.219]
2023-04-07 14:48:04,950 p=48862 u=sdevil n=ansible | TASK [mysql : Role mysql | install mariadb] ***************************************************************************************************************************
2023-04-07 14:48:07,942 p=48862 u=sdevil n=ansible | ok: [192.168.122.219]
2023-04-07 14:48:07,954 p=48862 u=sdevil n=ansible | TASK [mysql : Role mysql | install pymysql using pip] *****************************************************************************************************************
2023-04-07 14:48:09,491 p=48862 u=sdevil n=ansible | ok: [192.168.122.219]
2023-04-07 14:48:09,506 p=48862 u=sdevil n=ansible | TASK [mysql : Role mysql | Started mariadb service] *******************************************************************************************************************
2023-04-07 14:48:10,393 p=48862 u=sdevil n=ansible | ok: [192.168.122.219]
2023-04-07 14:48:10,407 p=48862 u=sdevil n=ansible | TASK [mysql : Role mysql | Set the root password] *********************************************************************************************************************
2023-04-07 14:48:10,953 p=48862 u=sdevil n=ansible | ok: [192.168.122.219]
2023-04-07 14:48:10,966 p=48862 u=sdevil n=ansible | TASK [mysql : Role mysql | remove anonymous user accounts] ************************************************************************************************************
2023-04-07 14:48:11,303 p=48862 u=sdevil n=ansible | ok: [192.168.122.219]
2023-04-07 14:48:11,317 p=48862 u=sdevil n=ansible | TASK [mysql : Role mysql | remove the MySQL test database] ************************************************************************************************************
2023-04-07 14:48:11,834 p=48862 u=sdevil n=ansible | ok: [192.168.122.219]
2023-04-07 14:48:11,846 p=48862 u=sdevil n=ansible | TASK [mysql : Role mysql | create database] ***************************************************************************************************************************
2023-04-07 14:48:12,182 p=48862 u=sdevil n=ansible | ok: [192.168.122.219]
2023-04-07 14:48:12,198 p=48862 u=sdevil n=ansible | TASK [mysql : Role mysql | create MySQL admin user for database] ******************************************************************************************************
2023-04-07 14:48:12,548 p=48862 u=sdevil n=ansible | ok: [192.168.122.219]
2023-04-07 14:48:12,612 p=48862 u=sdevil n=ansible | PLAY [Install php] ****************************************************************************************************************************************************
2023-04-07 14:48:12,621 p=48862 u=sdevil n=ansible | TASK [Gathering Facts] ************************************************************************************************************************************************
2023-04-07 14:48:14,594 p=48862 u=sdevil n=ansible | ok: [192.168.122.44]
2023-04-07 14:48:14,638 p=48862 u=sdevil n=ansible | TASK [php : Role php | install PHP server and plugins] ****************************************************************************************************************
2023-04-07 14:48:17,363 p=48862 u=sdevil n=ansible | ok: [192.168.122.44]
2023-04-07 14:48:17,375 p=48862 u=sdevil n=ansible | TASK [php : Role php | start service] *********************************************************************************************************************************
2023-04-07 14:48:17,854 p=48862 u=sdevil n=ansible | ok: [192.168.122.44]
2023-04-07 14:48:17,950 p=48862 u=sdevil n=ansible | PLAY [Install nginx and wordpress] ************************************************************************************************************************************
2023-04-07 14:48:17,963 p=48862 u=sdevil n=ansible | TASK [Gathering Facts] ************************************************************************************************************************************************
2023-04-07 14:48:20,059 p=48862 u=sdevil n=ansible | ok: [192.168.122.107]
2023-04-07 14:48:20,105 p=48862 u=sdevil n=ansible | TASK [nginx : Role nginx | install nginx] *****************************************************************************************************************************
2023-04-07 14:48:22,795 p=48862 u=sdevil n=ansible | ok: [192.168.122.107]
2023-04-07 14:48:22,824 p=48862 u=sdevil n=ansible | TASK [wordpress : Role wordpress | Download and unpack latest WordPress] **********************************************************************************************
2023-04-07 14:48:22,917 p=48862 u=sdevil n=ansible | skipping: [192.168.122.107]
2023-04-07 14:48:22,929 p=48862 u=sdevil n=ansible | TASK [wordpress : Role wordpress | Set ownership] *********************************************************************************************************************
2023-04-07 14:48:23,614 p=48862 u=sdevil n=ansible | ok: [192.168.122.107]
2023-04-07 14:48:23,628 p=48862 u=sdevil n=ansible | TASK [wordpress : Role wordpress | Add site to sites folder in Nginx] *************************************************************************************************
2023-04-07 14:48:24,357 p=48862 u=sdevil n=ansible | ok: [192.168.122.107]
2023-04-07 14:48:24,368 p=48862 u=sdevil n=ansible | TASK [wordpress : Role wordpress | remove default page] ***************************************************************************************************************
2023-04-07 14:48:24,637 p=48862 u=sdevil n=ansible | ok: [192.168.122.107]
2023-04-07 14:48:24,651 p=48862 u=sdevil n=ansible | TASK [wordpress : Role wordpress | add wp-config] *********************************************************************************************************************
2023-04-07 14:48:25,494 p=48862 u=sdevil n=ansible | changed: [192.168.122.107]
2023-04-07 14:48:25,507 p=48862 u=sdevil n=ansible | TASK [wordpress : Role wordpress | activate site] *********************************************************************************************************************
2023-04-07 14:48:25,787 p=48862 u=sdevil n=ansible | ok: [192.168.122.107]
2023-04-07 14:48:25,851 p=48862 u=sdevil n=ansible | PLAY RECAP ************************************************************************************************************************************************************
2023-04-07 14:48:25,852 p=48862 u=sdevil n=ansible | 192.168.122.107            : ok=7    changed=1    unreachable=0    failed=0    skipped=1    rescued=0    ignored=0   
2023-04-07 14:48:25,852 p=48862 u=sdevil n=ansible | 192.168.122.219            : ok=9    changed=0    unreachable=0    failed=0    skipped=0    rescued=0    ignored=0   
2023-04-07 14:48:25,852 p=48862 u=sdevil n=ansible | 192.168.122.44             : ok=3    changed=0    unreachable=0    failed=0    skipped=0    rescued=0    ignored=0   
